<?xml version="1.0" encoding="UTF-8"?>
<testng-results ignored="0" total="1" passed="1" failed="0" skipped="0">
  <reporter-output>
  </reporter-output>
  <suite started-at="2023-02-10T20:02:48 IST" name="Default suite" finished-at="2023-02-10T20:02:56 IST" duration-ms="7767">
    <groups>
    </groups>
    <test started-at="2023-02-10T20:02:48 IST" name="Default test" finished-at="2023-02-10T20:02:56 IST" duration-ms="7767">
      <class name="Pratice.Olampics">
        <test-method signature="test()[pri:0, instance:Pratice.Olampics@4b8ee4de]" started-at="2023-02-10T20:02:48 IST" name="test" finished-at="2023-02-10T20:02:56 IST" duration-ms="7727" status="PASS">
          <reporter-output>
          </reporter-output>
        </test-method> <!-- test -->
      </class> <!-- Pratice.Olampics -->
    </test> <!-- Default test -->
  </suite> <!-- Default suite -->
</testng-results>
